[INFO  - 2017-09-02T15:53:36.710Z] GhostDriver - Main - running on port 55335
[INFO  - 2017-09-02T15:53:37.667Z] Session [e220b2d0-8ff6-11e7-9532-cd3e6a6969dc] - page.settings - {"XSSAuditingEnabled":false,"javascriptCanCloseWindows":true,"javascriptCanOpenWindows":true,"javascriptEnabled":true,"loadImages":true,"localToRemoteUrlAccessEnabled":false,"userAgent":"Mozilla/5.0 (Macintosh; Intel Mac OS X) AppleWebKit/538.1 (KHTML, like Gecko) PhantomJS/2.1.1 Safari/538.1","webSecurityEnabled":true}
[INFO  - 2017-09-02T15:53:37.667Z] Session [e220b2d0-8ff6-11e7-9532-cd3e6a6969dc] - page.customHeaders:  - {}
[INFO  - 2017-09-02T15:53:37.668Z] Session [e220b2d0-8ff6-11e7-9532-cd3e6a6969dc] - Session.negotiatedCapabilities - {"browserName":"phantomjs","version":"2.1.1","driverName":"ghostdriver","driverVersion":"1.2.0","platform":"mac-unknown-64bit","javascriptEnabled":true,"takesScreenshot":true,"handlesAlerts":false,"databaseEnabled":false,"locationContextEnabled":false,"applicationCacheEnabled":false,"browserConnectionEnabled":false,"cssSelectorsEnabled":true,"webStorageEnabled":false,"rotatable":false,"acceptSslCerts":false,"nativeEvents":true,"proxy":{"proxyType":"direct"}}
[INFO  - 2017-09-02T15:53:37.668Z] SessionManagerReqHand - _postNewSessionCommand - New Session Created: e220b2d0-8ff6-11e7-9532-cd3e6a6969dc
[ERROR - 2017-09-02T15:53:39.283Z] Session [e220b2d0-8ff6-11e7-9532-cd3e6a6969dc] - page.onError - msg: TypeError: undefined is not a constructor (evaluating 'e.pause()')

  phantomjs://platform/console++.js:263 in error
[ERROR - 2017-09-02T15:53:39.283Z] Session [e220b2d0-8ff6-11e7-9532-cd3e6a6969dc] - page.onError - stack:
  value (http://csgofast.com/app.js?c96adff4df50397aec7a:24)

  phantomjs://platform/console++.js:263 in error
[ERROR - 2017-09-02T15:53:39.283Z] Session [e220b2d0-8ff6-11e7-9532-cd3e6a6969dc] - page.onError - msg: TypeError: undefined is not a constructor (evaluating 'e.pause()')

  phantomjs://platform/console++.js:263 in error
[ERROR - 2017-09-02T15:53:39.283Z] Session [e220b2d0-8ff6-11e7-9532-cd3e6a6969dc] - page.onError - stack:
  value (http://csgofast.com/app.js?c96adff4df50397aec7a:24)

  phantomjs://platform/console++.js:263 in error
[ERROR - 2017-09-02T15:53:43.161Z] Session [e220b2d0-8ff6-11e7-9532-cd3e6a6969dc] - page.onError - msg: TypeError: undefined is not a constructor (evaluating 'e.pause()')

  phantomjs://platform/console++.js:263 in error
[ERROR - 2017-09-02T15:53:43.161Z] Session [e220b2d0-8ff6-11e7-9532-cd3e6a6969dc] - page.onError - stack:
  value (http://csgofast.com/app.js?c96adff4df50397aec7a:24)

  phantomjs://platform/console++.js:263 in error
[ERROR - 2017-09-02T15:53:56.271Z] Session [e220b2d0-8ff6-11e7-9532-cd3e6a6969dc] - page.onError - msg: TypeError: undefined is not a constructor (evaluating 'e.pause()')

  phantomjs://platform/console++.js:263 in error
[ERROR - 2017-09-02T15:53:56.271Z] Session [e220b2d0-8ff6-11e7-9532-cd3e6a6969dc] - page.onError - stack:
  value (http://csgofast.com/app.js?c96adff4df50397aec7a:24)

  phantomjs://platform/console++.js:263 in error
[ERROR - 2017-09-02T15:53:56.271Z] Session [e220b2d0-8ff6-11e7-9532-cd3e6a6969dc] - page.onError - msg: TypeError: undefined is not a constructor (evaluating 'e.pause()')

  phantomjs://platform/console++.js:263 in error
[ERROR - 2017-09-02T15:53:56.271Z] Session [e220b2d0-8ff6-11e7-9532-cd3e6a6969dc] - page.onError - stack:
  value (http://csgofast.com/app.js?c96adff4df50397aec7a:24)

  phantomjs://platform/console++.js:263 in error
[ERROR - 2017-09-02T15:54:21.081Z] Session [e220b2d0-8ff6-11e7-9532-cd3e6a6969dc] - page.onError - msg: TypeError: undefined is not a constructor (evaluating 'e.pause()')

  phantomjs://platform/console++.js:263 in error
[ERROR - 2017-09-02T15:54:21.081Z] Session [e220b2d0-8ff6-11e7-9532-cd3e6a6969dc] - page.onError - stack:
  value (http://csgofast.com/app.js?c96adff4df50397aec7a:24)

  phantomjs://platform/console++.js:263 in error
[ERROR - 2017-09-02T15:54:21.082Z] Session [e220b2d0-8ff6-11e7-9532-cd3e6a6969dc] - page.onError - msg: TypeError: undefined is not a constructor (evaluating 'e.pause()')

  phantomjs://platform/console++.js:263 in error
[ERROR - 2017-09-02T15:54:21.082Z] Session [e220b2d0-8ff6-11e7-9532-cd3e6a6969dc] - page.onError - stack:
  value (http://csgofast.com/app.js?c96adff4df50397aec7a:24)

  phantomjs://platform/console++.js:263 in error
[ERROR - 2017-09-02T15:54:38.379Z] Session [e220b2d0-8ff6-11e7-9532-cd3e6a6969dc] - page.onError - msg: TypeError: undefined is not a constructor (evaluating 'e.pause()')

  phantomjs://platform/console++.js:263 in error
[ERROR - 2017-09-02T15:54:38.379Z] Session [e220b2d0-8ff6-11e7-9532-cd3e6a6969dc] - page.onError - stack:
  value (http://csgofast.com/app.js?c96adff4df50397aec7a:24)

  phantomjs://platform/console++.js:263 in error
[ERROR - 2017-09-02T15:54:46.402Z] Session [e220b2d0-8ff6-11e7-9532-cd3e6a6969dc] - page.onError - msg: TypeError: undefined is not a constructor (evaluating 'e.pause()')

  phantomjs://platform/console++.js:263 in error
[ERROR - 2017-09-02T15:54:46.402Z] Session [e220b2d0-8ff6-11e7-9532-cd3e6a6969dc] - page.onError - stack:
  value (http://csgofast.com/app.js?c96adff4df50397aec7a:24)

  phantomjs://platform/console++.js:263 in error
[ERROR - 2017-09-02T15:54:46.402Z] Session [e220b2d0-8ff6-11e7-9532-cd3e6a6969dc] - page.onError - msg: TypeError: undefined is not a constructor (evaluating 'e.pause()')

  phantomjs://platform/console++.js:263 in error
[ERROR - 2017-09-02T15:54:46.402Z] Session [e220b2d0-8ff6-11e7-9532-cd3e6a6969dc] - page.onError - stack:
  value (http://csgofast.com/app.js?c96adff4df50397aec7a:24)

  phantomjs://platform/console++.js:263 in error
[ERROR - 2017-09-02T15:55:11.248Z] Session [e220b2d0-8ff6-11e7-9532-cd3e6a6969dc] - page.onError - msg: TypeError: undefined is not a constructor (evaluating 'e.pause()')

  phantomjs://platform/console++.js:263 in error
[ERROR - 2017-09-02T15:55:11.248Z] Session [e220b2d0-8ff6-11e7-9532-cd3e6a6969dc] - page.onError - stack:
  value (http://csgofast.com/app.js?c96adff4df50397aec7a:24)

  phantomjs://platform/console++.js:263 in error
[ERROR - 2017-09-02T15:55:11.248Z] Session [e220b2d0-8ff6-11e7-9532-cd3e6a6969dc] - page.onError - msg: TypeError: undefined is not a constructor (evaluating 'e.pause()')

  phantomjs://platform/console++.js:263 in error
[ERROR - 2017-09-02T15:55:11.249Z] Session [e220b2d0-8ff6-11e7-9532-cd3e6a6969dc] - page.onError - stack:
  value (http://csgofast.com/app.js?c96adff4df50397aec7a:24)

  phantomjs://platform/console++.js:263 in error
